#
# There is insufficient memory for the Java Runtime Environment to continue.
# Native memory allocation (malloc) failed to allocate 1048576 bytes for AllocateHeap
# Possible reasons:
#   The system is out of physical RAM or swap space
#   The process is running with CompressedOops enabled, and the Java Heap may be blocking the growth of the native heap
# Possible solutions:
#   Reduce memory load on the system
#   Increase physical memory or swap space
#   Check if swap backing store is full
#   Decrease Java heap size (-Xmx/-Xms)
#   Decrease number of Java threads
#   Decrease Java thread stack sizes (-Xss)
#   Set larger code cache with -XX:ReservedCodeCacheSize=
#   JVM is running with Zero Based Compressed Oops mode in which the Java heap is
#     placed in the first 32GB address space. The Java Heap base address is the
#     maximum limit for the native heap growth. Please use -XX:HeapBaseMinAddress
#     to set the Java Heap base and to place the Java Heap above 32GB virtual address.
# This output file may be truncated or incomplete.
#
#  Out of Memory Error (allocation.cpp:44), pid=21132, tid=12636
#
# JRE version:  (17.0.12+8) (build )
# Java VM: Java HotSpot(TM) 64-Bit Server VM (17.0.12+8-LTS-286, mixed mode, sharing, tiered, compressed oops, compressed class ptrs, g1 gc, windows-amd64)
# No core dump will be written. Minidumps are not enabled by default on client versions of Windows
#

---------------  S U M M A R Y ------------

Command Line: -Dmaven.multiModuleProjectDirectory=C:\Users\islem\OneDrive\Desktop\Gestion_reservation -Djansi.passthrough=true -Dmaven.home=C:\Program Files\JetBrains\IntelliJ IDEA 2024.2\plugins\maven\lib\maven3 -Dclassworlds.conf=C:\Program Files\JetBrains\IntelliJ IDEA 2024.2\plugins\maven\lib\maven3\bin\m2.conf -Dmaven.ext.class.path=C:\Program Files\JetBrains\IntelliJ IDEA 2024.2\plugins\maven\lib\maven-event-listener.jar -javaagent:C:\Program Files\JetBrains\IntelliJ IDEA 2024.2\lib\idea_rt.jar=61454:C:\Program Files\JetBrains\IntelliJ IDEA 2024.2\bin -Dfile.encoding=UTF-8 org.codehaus.classworlds.Launcher -Didea.version=2024.2 org.apache.maven.plugins:maven-clean-plugin:3.2.0:clean

Host: 11th Gen Intel(R) Core(TM) i5-11400H @ 2.70GHz, 12 cores, 15G,  Windows 11 , 64 bit Build 22621 (10.0.22621.4830)
Time: Tue Feb 18 02:30:17 2025 Afr. centrale Ouest elapsed time: 0.008467 seconds (0d 0h 0m 0s)

---------------  T H R E A D  ---------------

Current thread (0x0000019aa9506ec0):  JavaThread "Unknown thread" [_thread_in_vm, id=12636, stack(0x00000091d3100000,0x00000091d3200000)]

Stack: [0x00000091d3100000,0x00000091d3200000]
Native frames: (J=compiled Java code, j=interpreted, Vv=VM code, C=native code)
V  [jvm.dll+0x67a04a]
V  [jvm.dll+0x7da4ed]
V  [jvm.dll+0x7dbe33]
V  [jvm.dll+0x7dc4a3]
V  [jvm.dll+0x24508f]
V  [jvm.dll+0xa5e2b]
V  [jvm.dll+0x2e22de]
V  [jvm.dll+0x2d9fbb]
V  [jvm.dll+0x7aca21]
V  [jvm.dll+0x367591]
V  [jvm.dll+0x78b999]
V  [jvm.dll+0x3ec83f]
V  [jvm.dll+0x3ee471]
C  [jli.dll+0x5297]
C  [ucrtbase.dll+0x29333]
C  [KERNEL32.DLL+0x1259d]
C  [ntdll.dll+0x5af38]


---------------  P R O C E S S  ---------------

Threads class SMR info:
_java_thread_list=0x00007ffcc43b7a18, length=0, elements={
}

Java Threads: ( => current thread )

Other Threads:
  0x0000019aa9570a40 GCTaskThread "GC Thread#0" [stack: 0x00000091d3200000,0x00000091d3300000] [id=22004]

[error occurred during error reporting (printing all threads), id 0xc0000005, EXCEPTION_ACCESS_VIOLATION (0xc0000005) at pc=0x00007ffcc3be70e0]

VM state: not at safepoint (not fully initialized)

VM Mutex/Monitor currently owned by a thread:  ([mutex/lock_event])
[0x0000019aa9502110] Heap_lock - owner thread: 0x0000019aa9506ec0

Heap address: 0x0000000704000000, size: 4032 MB, Compressed Oops mode: Zero based, Oop shift amount: 3

CDS archive(s) mapped at: [0x0000000000000000-0x0000000000000000-0x0000000000000000), size 0, SharedBaseAddress: 0x0000000800000000, ArchiveRelocationMode: 1.
Narrow klass base: 0x0000000000000000, Narrow klass shift: 0, Narrow klass range: 0x0

GC Precious Log:
<Empty>

Heap:
 garbage-first heap   total 0K, used 0K [0x0000000704000000, 0x0000000800000000)
  region size 2048K, 0 young (0K), 0 survivors (0K)

[error occurred during error reporting (printing heap information), id 0xc0000005, EXCEPTION_ACCESS_VIOLATION (0xc0000005) at pc=0x00007ffcc3fd3859]

GC Heap History (0 events):
No events

Deoptimization events (0 events):
No events

Classes unloaded (0 events):
No events

Classes redefined (0 events):
No events

Internal exceptions (0 events):
No events

VM Operations (0 events):
No events

Events (1 events):
Event: 0.006 Loaded shared library C:\Program Files\Java\jdk-17\bin\java.dll


Dynamic libraries:
0x00007ff792500000 - 0x00007ff792510000 	C:\Program Files\Java\jdk-17\bin\java.exe
0x00007ffd56db0000 - 0x00007ffd56fc7000 	C:\Windows\SYSTEM32\ntdll.dll
0x00007ffd55fe0000 - 0x00007ffd560a4000 	C:\Windows\System32\KERNEL32.DLL
0x00007ffd54060000 - 0x00007ffd54430000 	C:\Windows\System32\KERNELBASE.dll
0x00007ffd545f0000 - 0x00007ffd54701000 	C:\Windows\System32\ucrtbase.dll
0x00007ffd4b0d0000 - 0x00007ffd4b0e9000 	C:\Program Files\Java\jdk-17\bin\jli.dll
0x00007ffd4b0f0000 - 0x00007ffd4b10b000 	C:\Program Files\Java\jdk-17\bin\VCRUNTIME140.dll
0x00007ffd54f90000 - 0x00007ffd55041000 	C:\Windows\System32\ADVAPI32.dll
0x00007ffd56270000 - 0x00007ffd56317000 	C:\Windows\System32\msvcrt.dll
0x00007ffd55600000 - 0x00007ffd556a7000 	C:\Windows\System32\sechost.dll
0x00007ffd545c0000 - 0x00007ffd545e8000 	C:\Windows\System32\bcrypt.dll
0x00007ffd56640000 - 0x00007ffd56754000 	C:\Windows\System32\RPCRT4.dll
0x00007ffd55050000 - 0x00007ffd551fe000 	C:\Windows\System32\USER32.dll
0x00007ffd544d0000 - 0x00007ffd544f6000 	C:\Windows\System32\win32u.dll
0x00007ffd49ba0000 - 0x00007ffd49e32000 	C:\Windows\WinSxS\amd64_microsoft.windows.common-controls_6595b64144ccf1df_6.0.22621.4830_none_270fe7d773858e80\COMCTL32.dll
0x00007ffd564e0000 - 0x00007ffd56509000 	C:\Windows\System32\GDI32.dll
0x00007ffd54710000 - 0x00007ffd5482b000 	C:\Windows\System32\gdi32full.dll
0x00007ffd54430000 - 0x00007ffd544ca000 	C:\Windows\System32\msvcp_win.dll
0x00007ffd4d460000 - 0x00007ffd4d46a000 	C:\Windows\SYSTEM32\VERSION.dll
0x00007ffd55260000 - 0x00007ffd55291000 	C:\Windows\System32\IMM32.DLL
0x00007ffd4c3e0000 - 0x00007ffd4c3ec000 	C:\Program Files\Java\jdk-17\bin\vcruntime140_1.dll
0x00007ffd4b040000 - 0x00007ffd4b0ce000 	C:\Program Files\Java\jdk-17\bin\msvcp140.dll
0x00007ffcc3900000 - 0x00007ffcc44e0000 	C:\Program Files\Java\jdk-17\bin\server\jvm.dll
0x00007ffd54f10000 - 0x00007ffd54f18000 	C:\Windows\System32\PSAPI.DLL
0x00007ffd33390000 - 0x00007ffd33399000 	C:\Windows\SYSTEM32\WSOCK32.dll
0x00007ffd4a460000 - 0x00007ffd4a494000 	C:\Windows\SYSTEM32\WINMM.dll
0x00007ffd56530000 - 0x00007ffd565a1000 	C:\Windows\System32\WS2_32.dll
0x00007ffd53190000 - 0x00007ffd531a8000 	C:\Windows\SYSTEM32\kernel.appcore.dll
0x00007ffd4b030000 - 0x00007ffd4b03a000 	C:\Program Files\Java\jdk-17\bin\jimage.dll
0x00007ffd51330000 - 0x00007ffd51562000 	C:\Windows\SYSTEM32\DBGHELP.DLL
0x00007ffd54aa0000 - 0x00007ffd54e30000 	C:\Windows\System32\combase.dll
0x00007ffd54e30000 - 0x00007ffd54f07000 	C:\Windows\System32\OLEAUT32.dll
0x00007ffd49540000 - 0x00007ffd49572000 	C:\Windows\SYSTEM32\dbgcore.DLL
0x00007ffd54a20000 - 0x00007ffd54a9b000 	C:\Windows\System32\bcryptPrimitives.dll
0x00007ffd4b020000 - 0x00007ffd4b02e000 	C:\Program Files\Java\jdk-17\bin\instrument.dll
0x00007ffd40d50000 - 0x00007ffd40d75000 	C:\Program Files\Java\jdk-17\bin\java.dll

dbghelp: loaded successfully - version: 4.0.5 - missing functions: none
symbol engine: initialized successfully - sym options: 0x614 - pdb path: .;C:\Program Files\Java\jdk-17\bin;C:\Windows\SYSTEM32;C:\Windows\WinSxS\amd64_microsoft.windows.common-controls_6595b64144ccf1df_6.0.22621.4830_none_270fe7d773858e80;C:\Program Files\Java\jdk-17\bin\server

VM Arguments:
jvm_args: -Dmaven.multiModuleProjectDirectory=C:\Users\islem\OneDrive\Desktop\Gestion_reservation -Djansi.passthrough=true -Dmaven.home=C:\Program Files\JetBrains\IntelliJ IDEA 2024.2\plugins\maven\lib\maven3 -Dclassworlds.conf=C:\Program Files\JetBrains\IntelliJ IDEA 2024.2\plugins\maven\lib\maven3\bin\m2.conf -Dmaven.ext.class.path=C:\Program Files\JetBrains\IntelliJ IDEA 2024.2\plugins\maven\lib\maven-event-listener.jar -javaagent:C:\Program Files\JetBrains\IntelliJ IDEA 2024.2\lib\idea_rt.jar=61454:C:\Program Files\JetBrains\IntelliJ IDEA 2024.2\bin -Dfile.encoding=UTF-8 
java_command: org.codehaus.classworlds.Launcher -Didea.version=2024.2 org.apache.maven.plugins:maven-clean-plugin:3.2.0:clean
java_class_path (initial): C:\Program Files\JetBrains\IntelliJ IDEA 2024.2\plugins\maven\lib\maven3\boot\plexus-classworlds-2.8.0.jar;C:\Program Files\JetBrains\IntelliJ IDEA 2024.2\plugins\maven\lib\maven3\boot\plexus-classworlds.license
Launcher Type: SUN_STANDARD

[Global flags]
     intx CICompilerCount                          = 4                                         {product} {ergonomic}
     uint ConcGCThreads                            = 3                                         {product} {ergonomic}
     uint G1ConcRefinementThreads                  = 10                                        {product} {ergonomic}
   size_t G1HeapRegionSize                         = 2097152                                   {product} {ergonomic}
    uintx GCDrainStackTargetSize                   = 64                                        {product} {ergonomic}
   size_t InitialHeapSize                          = 264241152                                 {product} {ergonomic}
   size_t MarkStackSize                            = 4194304                                   {product} {ergonomic}
   size_t MaxHeapSize                              = 4227858432                                {product} {ergonomic}
   size_t MinHeapDeltaBytes                        = 2097152                                   {product} {ergonomic}
   size_t MinHeapSize                              = 8388608                                   {product} {ergonomic}
    uintx NonNMethodCodeHeapSize                   = 5839372                                {pd product} {ergonomic}
    uintx NonProfiledCodeHeapSize                  = 122909434                              {pd product} {ergonomic}
    uintx ProfiledCodeHeapSize                     = 122909434                              {pd product} {ergonomic}
    uintx ReservedCodeCacheSize                    = 251658240                              {pd product} {ergonomic}
     bool SegmentedCodeCache                       = true                                      {product} {ergonomic}
   size_t SoftMaxHeapSize                          = 4227858432                             {manageable} {ergonomic}
     bool UseCompressedClassPointers               = true                           {product lp64_product} {ergonomic}
     bool UseCompressedOops                        = true                           {product lp64_product} {ergonomic}
     bool UseG1GC                                  = true                                      {product} {ergonomic}
     bool UseLargePagesIndividualAllocation        = false                                  {pd product} {ergonomic}

Logging:
Log output configuration:
 #0: stdout all=warning uptime,level,tags
 #1: stderr all=off uptime,level,tags

Environment Variables:
JAVA_HOME=C:\Program Files\Java\jdk1.8.0_202\bin
PATH=C:\Program Files\Common Files\Oracle\Java\javapath;C:\Program Files (x86)\Common Files\Oracle\Java\javapath;C:\Program Files (x86)\VMware\VMware Workstation\bin\;C:\Program Files\Java\jdk1.8.0_202\bin;C:\oraclexe\app\oracle\product\11.2.0\server\bin;C:\Windows\system32;C:\Windows;C:\Windows\System32\Wbem;C:\Windows\System32\WindowsPowerShell\v1.0\;C:\Windows\System32\OpenSSH\;C:\Program Files (x86)\NVIDIA Corporation\PhysX\Common;C:\Program Files\NVIDIA Corporation\NVIDIA NvDLISR;C:\Program Files (x86)\HI-TECH Software\PICC\LITE\9.60\bin;C:\Program Files\Git\cmd;C:\Program Files\dotnet\;C:\oraclexe\app\oracle\product\11.2.0\server\bin;C:\instantclient_21_13;C:\oraclexe\app\oracle\admin\XE;C:\oraclexe;C:\flutter_windows_3.22.2-stable;C:\flutter_windows_3.22.2-stable\flutter;C:\Program Files (x86)\Windows Kits\10\Windows Performance Toolkit\;C:\composer;C:\Users\islem\AppData\Local\Programs\Python\Python313\Scripts\;C:\Users\islem\AppData\Local\Programs\Python\Python313\;C:\Users\islem\scoop\shims;C:\Users\islem\AppData\Local\Microsoft\WindowsApps;C:\Users\islem\AppData\Local\Programs\Microsoft VS Code\bin;C:\flutter_windows_3.22.2-stable\flutter\bin;C:\Program Files\JetBrains\IntelliJ IDEA 2024.2.1\bin;;C:\Users\islem\AppData\Roaming\Composer\vendor\bin;C:\Program Files\Java\jdk1.8.0_202\bin;C:\Program Files\Java\jdk-17\bin;
USERNAME=islem
OS=Windows_NT
PROCESSOR_IDENTIFIER=Intel64 Family 6 Model 141 Stepping 1, GenuineIntel



---------------  S Y S T E M  ---------------

OS:
 Windows 11 , 64 bit Build 22621 (10.0.22621.4830)
OS uptime: 0 days 16:54 hours
Hyper-V role detected

CPU: total 12 (initial active 12) (6 cores per cpu, 2 threads per core) family 6 model 141 stepping 1 microcode 0x50, cx8, cmov, fxsr, ht, mmx, 3dnowpref, sse, sse2, sse3, ssse3, sse4.1, sse4.2, popcnt, lzcnt, tsc, tscinvbit, avx, avx2, aes, erms, clmul, bmi1, bmi2, adx, avx512f, avx512dq, avx512cd, avx512bw, avx512vl, sha, fma, vzeroupper, avx512_vpopcntdq, avx512_vpclmulqdq, avx512_vaes, avx512_vnni, clflush, clflushopt, clwb, avx512_vbmi2, avx512_vbmi, hv

Memory: 4k page, system-wide physical 16121M (3440M free)
TotalPageFile size 65273M (AvailPageFile size 5M)
current process WorkingSet (physical memory assigned to process): 11M, peak: 11M
current process commit charge ("private bytes"): 60M, peak: 61M

vm_info: Java HotSpot(TM) 64-Bit Server VM (17.0.12+8-LTS-286) for windows-amd64 JRE (17.0.12+8-LTS-286), built on Jun  5 2024 06:46:59 by "mach5one" with MS VC++ 17.6 (VS2022)

END.
